<?xml version="1.0" encoding="UTF-8"?>
<!-- Generated by org.testng.reporters.JUnitXMLReporter -->
<testsuite ignored="0" hostname="LAPTOP-4DDFOR6M" failures="0" tests="2" name="TestCaseLogin" time="27.248" errors="0" timestamp="2025-05-20T00:02:18 IST">
  <testcase classname="Login.VerifyTheFunctionalitiesOfLogin" name="VerifyTestPrerequisites" time="1.919"/>
  <testcase classname="Login.VerifyTheFunctionalitiesOfLogin" name="verifyLoginToApplicationWithValidCredentials" time="12.546"/>
</testsuite> <!-- TestCaseLogin -->
