<?xml version="1.0" encoding="UTF-8"?>
<testng-results ignored="0" total="2" passed="2" failed="0" skipped="0">
  <reporter-output>
  </reporter-output>
  <suite started-at="2025-06-18T14:52:38 IST" name="Login Suite:" finished-at="2025-06-18T14:53:09 IST" duration-ms="31150">
    <groups>
      <group name="Web">
        <method signature="VerifyTheFunctionalitiesOfLogin.VerifyTestPrerequisites()[pri:1, instance:Login.VerifyTheFunctionalitiesOfLogin@4d722ac9]" name="VerifyTestPrerequisites" class="Login.VerifyTheFunctionalitiesOfLogin"/>
        <method signature="VerifyTheFunctionalitiesOfLogin.verifyLoginToApplicationWithValidCredentials()[pri:2, instance:Login.VerifyTheFunctionalitiesOfLogin@4d722ac9]" name="verifyLoginToApplicationWithValidCredentials" class="Login.VerifyTheFunctionalitiesOfLogin"/>
      </group> <!-- Web -->
      <group name="Regression">
        <method signature="VerifyTheFunctionalitiesOfLogin.VerifyTestPrerequisites()[pri:1, instance:Login.VerifyTheFunctionalitiesOfLogin@4d722ac9]" name="VerifyTestPrerequisites" class="Login.VerifyTheFunctionalitiesOfLogin"/>
        <method signature="VerifyTheFunctionalitiesOfLogin.verifyLoginToApplicationWithValidCredentials()[pri:2, instance:Login.VerifyTheFunctionalitiesOfLogin@4d722ac9]" name="verifyLoginToApplicationWithValidCredentials" class="Login.VerifyTheFunctionalitiesOfLogin"/>
      </group> <!-- Regression -->
      <group name="Smoke">
        <method signature="VerifyTheFunctionalitiesOfLogin.VerifyTestPrerequisites()[pri:1, instance:Login.VerifyTheFunctionalitiesOfLogin@4d722ac9]" name="VerifyTestPrerequisites" class="Login.VerifyTheFunctionalitiesOfLogin"/>
        <method signature="VerifyTheFunctionalitiesOfLogin.verifyLoginToApplicationWithValidCredentials()[pri:2, instance:Login.VerifyTheFunctionalitiesOfLogin@4d722ac9]" name="verifyLoginToApplicationWithValidCredentials" class="Login.VerifyTheFunctionalitiesOfLogin"/>
      </group> <!-- Smoke -->
    </groups>
    <test started-at="2025-06-18T14:52:38 IST" name="TestCaseLogin" finished-at="2025-06-18T14:53:09 IST" duration-ms="31150">
      <class name="Login.VerifyTheFunctionalitiesOfLogin">
        <test-method is-config="true" signature="Report()[pri:0, instance:Login.VerifyTheFunctionalitiesOfLogin@4d722ac9]" started-at="2025-06-18T14:52:38 IST" name="Report" finished-at="2025-06-18T14:52:46 IST" duration-ms="7710" status="PASS">
          <reporter-output>
          </reporter-output>
        </test-method> <!-- Report -->
        <test-method is-config="true" signature="CreateWebDriver(java.lang.String)[pri:0, instance:Login.VerifyTheFunctionalitiesOfLogin@4d722ac9]" started-at="2025-06-18T14:52:46 IST" name="CreateWebDriver" finished-at="2025-06-18T14:52:50 IST" duration-ms="4249" status="PASS">
          <params>
            <param index="0">
              <value>
                <![CDATA[Chrome]]>
              </value>
            </param>
          </params>
          <reporter-output>
          </reporter-output>
        </test-method> <!-- CreateWebDriver -->
        <test-method signature="VerifyTestPrerequisites()[pri:1, instance:Login.VerifyTheFunctionalitiesOfLogin@4d722ac9]" started-at="2025-06-18T14:52:50 IST" name="VerifyTestPrerequisites" finished-at="2025-06-18T14:52:57 IST" duration-ms="6681" status="PASS">
          <reporter-output>
          </reporter-output>
        </test-method> <!-- VerifyTestPrerequisites -->
        <test-method signature="verifyLoginToApplicationWithValidCredentials()[pri:2, instance:Login.VerifyTheFunctionalitiesOfLogin@4d722ac9]" started-at="2025-06-18T14:52:57 IST" name="verifyLoginToApplicationWithValidCredentials" finished-at="2025-06-18T14:53:08 IST" duration-ms="11556" status="PASS">
          <reporter-output>
          </reporter-output>
        </test-method> <!-- verifyLoginToApplicationWithValidCredentials -->
        <test-method is-config="true" signature="CloseBrowserStackLocal()[pri:0, instance:Login.VerifyTheFunctionalitiesOfLogin@4d722ac9]" started-at="2025-06-18T14:53:08 IST" name="CloseBrowserStackLocal" finished-at="2025-06-18T14:53:09 IST" duration-ms="4" status="PASS">
          <reporter-output>
          </reporter-output>
        </test-method> <!-- CloseBrowserStackLocal -->
        <test-method is-config="true" signature="closeWebDriver()[pri:0, instance:Login.VerifyTheFunctionalitiesOfLogin@4d722ac9]" started-at="2025-06-18T14:53:09 IST" name="closeWebDriver" finished-at="2025-06-18T14:53:09 IST" duration-ms="876" status="PASS">
          <reporter-output>
          </reporter-output>
        </test-method> <!-- closeWebDriver -->
      </class> <!-- Login.VerifyTheFunctionalitiesOfLogin -->
    </test> <!-- TestCaseLogin -->
  </suite> <!-- Login Suite: -->
</testng-results>
