<?xml version="1.0" encoding="UTF-8"?>
<!-- Generated by org.testng.reporters.JUnitXMLReporter -->
<testsuite ignored="0" hostname="LAPTOP-4DDFOR6M" failures="0" tests="2" name="TestCaseSignup" time="27.329" errors="0" timestamp="2025-05-19T23:45:58 IST">
  <testcase classname="CreateAccount.VerifyFunctionalitiesOfCreateAccount" name="VerifyTestPrerequisites" time="1.606"/>
  <testcase classname="CreateAccount.VerifyFunctionalitiesOfCreateAccount" name="verifyFunctionalityOfCreatingAccount" time="23.046"/>
</testsuite> <!-- TestCaseSignup -->
